<?xml version="1.0" encoding="UTF-8"?>
<!-- Generated by org.testng.reporters.JUnitXMLReporter -->
<testsuite ignored="16" hostname="HwaitingX_ART" failures="1" tests="1" name="Default test" time="15.604" errors="0" timestamp="2025-04-25T13:13:53 CDT">
  <testcase classname="locators.XPathTests" name="testWorkSpaceCheckbox" time="10.453">
    <failure type="java.lang.AssertionError" message="Failed to find WorkSpace checkbox using XPath: Expected condition failed: waiting for presence of element located by: By.xpath: //input[@id=&amp;apos;tree-node-workspace&amp;apos;] (tried for 10 second(s) with 500 milliseconds interval)">
      <![CDATA[java.lang.AssertionError: Failed to find WorkSpace checkbox using XPath: Expected condition failed: waiting for presence of element located by: By.xpath: //input[@id='tree-node-workspace'] (tried for 10 second(s) with 500 milliseconds interval)
at org.testng.Assert.fail(Assert.java:111)
at locators.XPathTests.testWorkSpaceCheckbox(XPathTests.java:237)
at java.base/jdk.internal.reflect.DirectMethodHandleAccessor.invoke(DirectMethodHandleAccessor.java:104)
at java.base/java.lang.reflect.Method.invoke(Method.java:578)
at org.testng.internal.invokers.MethodInvocationHelper.invokeMethod(MethodInvocationHelper.java:141)
at org.testng.internal.invokers.TestInvoker.invokeMethod(TestInvoker.java:687)
at org.testng.internal.invokers.TestInvoker.invokeTestMethod(TestInvoker.java:230)
at org.testng.internal.invokers.MethodRunner.runInSequence(MethodRunner.java:63)
at org.testng.internal.invokers.TestInvoker$MethodInvocationAgent.invoke(TestInvoker.java:995)
at org.testng.internal.invokers.TestInvoker.invokeTestMethods(TestInvoker.java:203)
at org.testng.internal.invokers.TestMethodWorker.invokeTestMethods(TestMethodWorker.java:154)
at org.testng.internal.invokers.TestMethodWorker.run(TestMethodWorker.java:134)
at java.base/java.util.ArrayList.forEach(ArrayList.java:1511)
at org.testng.TestRunner.privateRun(TestRunner.java:741)
at org.testng.TestRunner.run(TestRunner.java:616)
at org.testng.SuiteRunner.runTest(SuiteRunner.java:421)
at org.testng.SuiteRunner.runSequentially(SuiteRunner.java:413)
at org.testng.SuiteRunner.privateRun(SuiteRunner.java:373)
at org.testng.SuiteRunner.run(SuiteRunner.java:312)
at org.testng.SuiteRunnerWorker.runSuite(SuiteRunnerWorker.java:52)
at org.testng.SuiteRunnerWorker.run(SuiteRunnerWorker.java:95)
at org.testng.TestNG.runSuitesSequentially(TestNG.java:1274)
at org.testng.TestNG.runSuitesLocally(TestNG.java:1208)
at org.testng.TestNG.runSuites(TestNG.java:1112)
at org.testng.TestNG.run(TestNG.java:1079)
at org.testng.remote.AbstractRemoteTestNG.run(AbstractRemoteTestNG.java:115)
at org.testng.remote.RemoteTestNG.initAndRun(RemoteTestNG.java:293)
at org.testng.remote.RemoteTestNG.main(RemoteTestNG.java:91)
]]>
    </failure>
  </testcase> <!-- testWorkSpaceCheckbox -->
  <testcase classname="locators.XPathTests" name="testDownloadsCheckbox" time="0.0">
    <ignored/>
  </testcase> <!-- testDownloadsCheckbox -->
  <testcase classname="locators.XPathTests" name="testDesktopCheckbox" time="0.0">
    <ignored/>
  </testcase> <!-- testDesktopCheckbox -->
  <testcase classname="locators.XPathTests" name="testDesktopCheckboxLabel" time="0.0">
    <ignored/>
  </testcase> <!-- testDesktopCheckboxLabel -->
  <testcase classname="locators.XPathTests" name="testExpandAllButton" time="0.0">
    <ignored/>
  </testcase> <!-- testExpandAllButton -->
  <testcase classname="locators.XPathTests" name="testAngularCheckbox" time="0.0">
    <ignored/>
  </testcase> <!-- testAngularCheckbox -->
  <testcase classname="locators.XPathTests" name="testCheckboxIcon" time="0.0">
    <ignored/>
  </testcase> <!-- testCheckboxIcon -->
  <testcase classname="locators.XPathTests" name="testTreeNode" time="0.0">
    <ignored/>
  </testcase> <!-- testTreeNode -->
  <testcase classname="locators.XPathTests" name="testMainHeader" time="0.0">
    <ignored/>
  </testcase> <!-- testMainHeader -->
  <testcase classname="locators.XPathTests" name="testDocumentsCheckbox" time="0.0">
    <ignored/>
  </testcase> <!-- testDocumentsCheckbox -->
  <testcase classname="locators.XPathTests" name="testHomeCheckbox" time="0.0">
    <ignored/>
  </testcase> <!-- testHomeCheckbox -->
  <testcase classname="locators.XPathTests" name="testNotesCheckbox" time="0.0">
    <ignored/>
  </testcase> <!-- testNotesCheckbox -->
  <testcase classname="locators.XPathTests" name="testCommandsCheckbox" time="0.0">
    <ignored/>
  </testcase> <!-- testCommandsCheckbox -->
  <testcase classname="locators.XPathTests" name="testHomeToggleButton" time="0.0">
    <ignored/>
  </testcase> <!-- testHomeToggleButton -->
  <testcase classname="locators.XPathTests" name="testCollapseAllButton" time="0.0">
    <ignored/>
  </testcase> <!-- testCollapseAllButton -->
  <testcase classname="locators.XPathTests" name="testResultTextArea" time="0.0">
    <ignored/>
  </testcase> <!-- testResultTextArea -->
  <testcase classname="locators.XPathTests" name="testReactCheckbox" time="0.0">
    <ignored/>
  </testcase> <!-- testReactCheckbox -->
</testsuite> <!-- Default test -->
