<?xml version="1.0" encoding="UTF-8"?>
<testng-results ignored="16" total="17" passed="0" failed="1" skipped="0">
  <reporter-output>
  </reporter-output>
  <suite started-at="2025-04-25T13:13:38 CDT" name="Default suite" finished-at="2025-04-25T13:13:53 CDT" duration-ms="15604">
    <groups>
    </groups>
    <test started-at="2025-04-25T13:13:38 CDT" name="Default test" finished-at="2025-04-25T13:13:53 CDT" duration-ms="15604">
      <class name="locators.XPathTests">
        <test-method is-config="true" signature="setUp()[pri:0, instance:locators.XPathTests@815b41f]" started-at="2025-04-25T13:13:38 CDT" name="setUp" finished-at="2025-04-25T13:13:42 CDT" duration-ms="4835" status="PASS">
          <reporter-output>
          </reporter-output>
        </test-method> <!-- setUp -->
        <test-method signature="testWorkSpaceCheckbox()[pri:0, instance:locators.XPathTests@815b41f]" started-at="2025-04-25T13:13:42 CDT" name="testWorkSpaceCheckbox" description="Exercise 80: Find the WorkSpace checkbox using By.xpath" finished-at="2025-04-25T13:13:53 CDT" duration-ms="10453" status="FAIL">
          <exception class="java.lang.AssertionError">
            <message>
              <![CDATA[Failed to find WorkSpace checkbox using XPath: Expected condition failed: waiting for presence of element located by: By.xpath: //input[@id='tree-node-workspace'] (tried for 10 second(s) with 500 milliseconds interval)]]>
            </message>
            <full-stacktrace>
              <![CDATA[java.lang.AssertionError: Failed to find WorkSpace checkbox using XPath: Expected condition failed: waiting for presence of element located by: By.xpath: //input[@id='tree-node-workspace'] (tried for 10 second(s) with 500 milliseconds interval)
at org.testng.Assert.fail(Assert.java:111)
at locators.XPathTests.testWorkSpaceCheckbox(XPathTests.java:237)
at java.base/jdk.internal.reflect.DirectMethodHandleAccessor.invoke(DirectMethodHandleAccessor.java:104)
at java.base/java.lang.reflect.Method.invoke(Method.java:578)
at org.testng.internal.invokers.MethodInvocationHelper.invokeMethod(MethodInvocationHelper.java:141)
at org.testng.internal.invokers.TestInvoker.invokeMethod(TestInvoker.java:687)
at org.testng.internal.invokers.TestInvoker.invokeTestMethod(TestInvoker.java:230)
at org.testng.internal.invokers.MethodRunner.runInSequence(MethodRunner.java:63)
at org.testng.internal.invokers.TestInvoker$MethodInvocationAgent.invoke(TestInvoker.java:995)
at org.testng.internal.invokers.TestInvoker.invokeTestMethods(TestInvoker.java:203)
at org.testng.internal.invokers.TestMethodWorker.invokeTestMethods(TestMethodWorker.java:154)
at org.testng.internal.invokers.TestMethodWorker.run(TestMethodWorker.java:134)
at java.base/java.util.ArrayList.forEach(ArrayList.java:1511)
at org.testng.TestRunner.privateRun(TestRunner.java:741)
at org.testng.TestRunner.run(TestRunner.java:616)
at org.testng.SuiteRunner.runTest(SuiteRunner.java:421)
at org.testng.SuiteRunner.runSequentially(SuiteRunner.java:413)
at org.testng.SuiteRunner.privateRun(SuiteRunner.java:373)
at org.testng.SuiteRunner.run(SuiteRunner.java:312)
at org.testng.SuiteRunnerWorker.runSuite(SuiteRunnerWorker.java:52)
at org.testng.SuiteRunnerWorker.run(SuiteRunnerWorker.java:95)
at org.testng.TestNG.runSuitesSequentially(TestNG.java:1274)
at org.testng.TestNG.runSuitesLocally(TestNG.java:1208)
at org.testng.TestNG.runSuites(TestNG.java:1112)
at org.testng.TestNG.run(TestNG.java:1079)
at org.testng.remote.AbstractRemoteTestNG.run(AbstractRemoteTestNG.java:115)
at org.testng.remote.RemoteTestNG.initAndRun(RemoteTestNG.java:293)
at org.testng.remote.RemoteTestNG.main(RemoteTestNG.java:91)
]]>
            </full-stacktrace>
          </exception> <!-- java.lang.AssertionError -->
          <reporter-output>
          </reporter-output>
        </test-method> <!-- testWorkSpaceCheckbox -->
        <test-method is-config="true" signature="tearDown()[pri:0, instance:locators.XPathTests@815b41f]" started-at="2025-04-25T13:13:53 CDT" name="tearDown" finished-at="2025-04-25T13:13:53 CDT" duration-ms="284" status="PASS">
          <reporter-output>
          </reporter-output>
        </test-method> <!-- tearDown -->
      </class> <!-- locators.XPathTests -->
    </test> <!-- Default test -->
  </suite> <!-- Default suite -->
</testng-results>
